<?xml version="1.0" encoding="UTF-8"?>
<!-- Generated by org.testng.reporters.JUnitReportReporter -->
<testsuite hostname="DESKTOP-12VAU0U" failures="0" tests="2" name="org.test.SampleProj" time="3.498" errors="0" timestamp="2023-04-30T15:05:17 IST" skipped="0">
  <testcase classname="org.test.SampleProj" name="tc2" time="3.492"/>
  <system-out/>
  <testcase classname="org.test.SampleProj" name="tc3" time="0.006"/>
  <system-out/>
</testsuite> <!-- org.test.SampleProj -->
